<?xml version="1.0" encoding="UTF-8"?>
<testng-results ignored="0" total="12" passed="12" failed="0" skipped="0">
  <reporter-output>
  </reporter-output>
  <suite started-at="2022-06-11T03:42:57 EET" name="Surefire suite" finished-at="2022-06-11T03:53:17 EET" duration-ms="620250">
    <groups>
      <group name="cucumber">
        <method signature="AbstractTestNGCucumberTests.runScenario(io.cucumber.testng.PickleWrapper,io.cucumber.testng.FeatureWrapper)[pri:0, instance:org.example.testRunner.TestRunner@43ee72e6]" name="runScenario" class="io.cucumber.testng.AbstractTestNGCucumberTests"/>
      </group> <!-- cucumber -->
    </groups>
    <test started-at="2022-06-11T03:42:57 EET" name="Surefire test" finished-at="2022-06-11T03:53:17 EET" duration-ms="620250">
      <class name="org.example.testRunner.TestRunner">
        <test-method is-config="true" signature="setUpClass(org.testng.ITestContext)[pri:0, instance:org.example.testRunner.TestRunner@43ee72e6]" started-at="2022-06-11T03:42:57 EET" name="setUpClass" finished-at="2022-06-11T03:43:00 EET" duration-ms="3140" status="PASS">
          <params>
            <param index="0">
              <value>
                <![CDATA[org.testng.TestRunner@729d6ee2]]>
              </value>
            </param>
          </params>
          <reporter-output>
          </reporter-output>
        </test-method> <!-- setUpClass -->
        <test-method signature="runScenario(io.cucumber.testng.PickleWrapper,io.cucumber.testng.FeatureWrapper)[pri:0, instance:org.example.testRunner.TestRunner@43ee72e6]" started-at="2022-06-11T03:43:00 EET" name="runScenario" description="Runs Cucumber Scenarios" data-provider="scenarios" finished-at="2022-06-11T03:44:20 EET" duration-ms="80108" status="PASS">
          <params>
            <param index="0">
              <value>
                <![CDATA["user could sign up with valid data"]]>
              </value>
            </param>
            <param index="1">
              <value>
                <![CDATA["registration user should be able to sign up with new accounts"]]>
              </value>
            </param>
          </params>
          <reporter-output>
          </reporter-output>
        </test-method> <!-- runScenario -->
        <test-method signature="runScenario(io.cucumber.testng.PickleWrapper,io.cucumber.testng.FeatureWrapper)[pri:0, instance:org.example.testRunner.TestRunner@43ee72e6]" started-at="2022-06-11T03:44:20 EET" name="runScenario" description="Runs Cucumber Scenarios" data-provider="scenarios" finished-at="2022-06-11T03:44:49 EET" duration-ms="29279" status="PASS">
          <params>
            <param index="0">
              <value>
                <![CDATA["user login with valid username and password"]]>
              </value>
            </param>
            <param index="1">
              <value>
                <![CDATA["user should be able to login to the system"]]>
              </value>
            </param>
          </params>
          <reporter-output>
          </reporter-output>
        </test-method> <!-- runScenario -->
        <test-method signature="runScenario(io.cucumber.testng.PickleWrapper,io.cucumber.testng.FeatureWrapper)[pri:0, instance:org.example.testRunner.TestRunner@43ee72e6]" started-at="2022-06-11T03:44:49 EET" name="runScenario" description="Runs Cucumber Scenarios" data-provider="scenarios" finished-at="2022-06-11T03:45:29 EET" duration-ms="39559" status="PASS">
          <params>
            <param index="0">
              <value>
                <![CDATA["user can change his/her password successfully"]]>
              </value>
            </param>
            <param index="1">
              <value>
                <![CDATA["change his/her password successfully"]]>
              </value>
            </param>
          </params>
          <reporter-output>
          </reporter-output>
        </test-method> <!-- runScenario -->
        <test-method signature="runScenario(io.cucumber.testng.PickleWrapper,io.cucumber.testng.FeatureWrapper)[pri:0, instance:org.example.testRunner.TestRunner@43ee72e6]" started-at="2022-06-11T03:45:29 EET" name="runScenario" description="Runs Cucumber Scenarios" data-provider="scenarios" finished-at="2022-06-11T03:46:22 EET" duration-ms="53037" status="PASS">
          <params>
            <param index="0">
              <value>
                <![CDATA["user can search for any item by item's name"]]>
              </value>
            </param>
            <param index="1">
              <value>
                <![CDATA["search for any item by item's name"]]>
              </value>
            </param>
          </params>
          <reporter-output>
          </reporter-output>
        </test-method> <!-- runScenario -->
        <test-method signature="runScenario(io.cucumber.testng.PickleWrapper,io.cucumber.testng.FeatureWrapper)[pri:0, instance:org.example.testRunner.TestRunner@43ee72e6]" started-at="2022-06-11T03:46:22 EET" name="runScenario" description="Runs Cucumber Scenarios" data-provider="scenarios" finished-at="2022-06-11T03:47:25 EET" duration-ms="63001" status="PASS">
          <params>
            <param index="0">
              <value>
                <![CDATA["User could switch between currencies US-Euro"]]>
              </value>
            </param>
            <param index="1">
              <value>
                <![CDATA["switch between currencies US-Euro"]]>
              </value>
            </param>
          </params>
          <reporter-output>
          </reporter-output>
        </test-method> <!-- runScenario -->
        <test-method signature="runScenario(io.cucumber.testng.PickleWrapper,io.cucumber.testng.FeatureWrapper)[pri:0, instance:org.example.testRunner.TestRunner@43ee72e6]" started-at="2022-06-11T03:47:25 EET" name="runScenario" description="Runs Cucumber Scenarios" data-provider="scenarios" finished-at="2022-06-11T03:48:30 EET" duration-ms="65427" status="PASS">
          <params>
            <param index="0">
              <value>
                <![CDATA["user can hover in categories and subcategories and click in subcategory"]]>
              </value>
            </param>
            <param index="1">
              <value>
                <![CDATA["hover in categories and subcategories"]]>
              </value>
            </param>
          </params>
          <reporter-output>
          </reporter-output>
        </test-method> <!-- runScenario -->
        <test-method signature="runScenario(io.cucumber.testng.PickleWrapper,io.cucumber.testng.FeatureWrapper)[pri:0, instance:org.example.testRunner.TestRunner@43ee72e6]" started-at="2022-06-11T03:48:30 EET" name="runScenario" description="Runs Cucumber Scenarios" data-provider="scenarios" finished-at="2022-06-11T03:49:26 EET" duration-ms="55089" status="PASS">
          <params>
            <param index="0">
              <value>
                <![CDATA["user could filter with color"]]>
              </value>
            </param>
            <param index="1">
              <value>
                <![CDATA["filter with color"]]>
              </value>
            </param>
          </params>
          <reporter-output>
          </reporter-output>
        </test-method> <!-- runScenario -->
        <test-method signature="runScenario(io.cucumber.testng.PickleWrapper,io.cucumber.testng.FeatureWrapper)[pri:0, instance:org.example.testRunner.TestRunner@43ee72e6]" started-at="2022-06-11T03:49:26 EET" name="runScenario" description="Runs Cucumber Scenarios" data-provider="scenarios" finished-at="2022-06-11T03:50:00 EET" duration-ms="34428" status="PASS">
          <params>
            <param index="0">
              <value>
                <![CDATA["user could select different tags"]]>
              </value>
            </param>
            <param index="1">
              <value>
                <![CDATA["select different tags"]]>
              </value>
            </param>
          </params>
          <reporter-output>
          </reporter-output>
        </test-method> <!-- runScenario -->
        <test-method signature="runScenario(io.cucumber.testng.PickleWrapper,io.cucumber.testng.FeatureWrapper)[pri:0, instance:org.example.testRunner.TestRunner@43ee72e6]" started-at="2022-06-11T03:50:00 EET" name="runScenario" description="Runs Cucumber Scenarios" data-provider="scenarios" finished-at="2022-06-11T03:50:47 EET" duration-ms="46929" status="PASS">
          <params>
            <param index="0">
              <value>
                <![CDATA["user could add different products to Shopping cart"]]>
              </value>
            </param>
            <param index="1">
              <value>
                <![CDATA["add different products to Shopping cart"]]>
              </value>
            </param>
          </params>
          <reporter-output>
          </reporter-output>
        </test-method> <!-- runScenario -->
        <test-method signature="runScenario(io.cucumber.testng.PickleWrapper,io.cucumber.testng.FeatureWrapper)[pri:0, instance:org.example.testRunner.TestRunner@43ee72e6]" started-at="2022-06-11T03:50:47 EET" name="runScenario" description="Runs Cucumber Scenarios" data-provider="scenarios" finished-at="2022-06-11T03:51:21 EET" duration-ms="34356" status="PASS">
          <params>
            <param index="0">
              <value>
                <![CDATA["user could add items to wishlist"]]>
              </value>
            </param>
            <param index="1">
              <value>
                <![CDATA["add items to wishlist"]]>
              </value>
            </param>
          </params>
          <reporter-output>
          </reporter-output>
        </test-method> <!-- runScenario -->
        <test-method signature="runScenario(io.cucumber.testng.PickleWrapper,io.cucumber.testng.FeatureWrapper)[pri:0, instance:org.example.testRunner.TestRunner@43ee72e6]" started-at="2022-06-11T03:51:21 EET" name="runScenario" description="Runs Cucumber Scenarios" data-provider="scenarios" finished-at="2022-06-11T03:51:56 EET" duration-ms="35193" status="PASS">
          <params>
            <param index="0">
              <value>
                <![CDATA["user add items to compare list"]]>
              </value>
            </param>
            <param index="1">
              <value>
                <![CDATA["items to compare list"]]>
              </value>
            </param>
          </params>
          <reporter-output>
          </reporter-output>
        </test-method> <!-- runScenario -->
        <test-method signature="runScenario(io.cucumber.testng.PickleWrapper,io.cucumber.testng.FeatureWrapper)[pri:0, instance:org.example.testRunner.TestRunner@43ee72e6]" started-at="2022-06-11T03:51:56 EET" name="runScenario" description="Runs Cucumber Scenarios" data-provider="scenarios" finished-at="2022-06-11T03:53:10 EET" duration-ms="73261" status="PASS">
          <params>
            <param index="0">
              <value>
                <![CDATA["user make successful Order"]]>
              </value>
            </param>
            <param index="1">
              <value>
                <![CDATA["make successful Order"]]>
              </value>
            </param>
          </params>
          <reporter-output>
          </reporter-output>
        </test-method> <!-- runScenario -->
        <test-method is-config="true" signature="tearDownClass()[pri:0, instance:org.example.testRunner.TestRunner@43ee72e6]" started-at="2022-06-11T03:53:10 EET" name="tearDownClass" finished-at="2022-06-11T03:53:17 EET" duration-ms="7375" status="PASS">
          <reporter-output>
          </reporter-output>
        </test-method> <!-- tearDownClass -->
      </class> <!-- org.example.testRunner.TestRunner -->
    </test> <!-- Surefire test -->
  </suite> <!-- Surefire suite -->
</testng-results>
